<?xml version="1.0" encoding="UTF-8"?>
<testsuite xmlns:xsi="http://www.w3.org/2001/XMLSchema-instance" xsi:noNamespaceSchemaLocation="https://maven.apache.org/surefire/maven-surefire-plugin/xsd/surefire-test-report-3.0.xsd" version="3.0" name="alkeWallet.Cuentas.CuentaTest" time="0.047" tests="1" errors="0" skipped="0" failures="0">
  <properties>
    <property name="java.specification.version" value="17"/>
    <property name="sun.jnu.encoding" value="UTF-8"/>
    <property name="java.class.path" value="/home/m3t3rpr3t3r/Documentos/BackEnd_Projects/AlkeWallet/target/test-classes:/home/m3t3rpr3t3r/Documentos/BackEnd_Projects/AlkeWallet/target/classes:/home/m3t3rpr3t3r/.m2/repository/org/junit/jupiter/junit-jupiter-api/5.10.2/junit-jupiter-api-5.10.2.jar:/home/m3t3rpr3t3r/.m2/repository/org/opentest4j/opentest4j/1.3.0/opentest4j-1.3.0.jar:/home/m3t3rpr3t3r/.m2/repository/org/junit/platform/junit-platform-commons/1.10.2/junit-platform-commons-1.10.2.jar:/home/m3t3rpr3t3r/.m2/repository/org/apiguardian/apiguardian-api/1.1.2/apiguardian-api-1.1.2.jar:/home/m3t3rpr3t3r/.m2/repository/org/junit/jupiter/junit-jupiter-params/5.10.2/junit-jupiter-params-5.10.2.jar:/home/m3t3rpr3t3r/.m2/repository/org/junit/jupiter/junit-jupiter-engine/5.10.2/junit-jupiter-engine-5.10.2.jar:/home/m3t3rpr3t3r/.m2/repository/org/junit/platform/junit-platform-engine/1.10.2/junit-platform-engine-1.10.2.jar:/home/m3t3rpr3t3r/.m2/repository/org/mockito/mockito-junit-jupiter/5.7.0/mockito-junit-jupiter-5.7.0.jar:/home/m3t3rpr3t3r/.m2/repository/org/mockito/mockito-core/5.7.0/mockito-core-5.7.0.jar:/home/m3t3rpr3t3r/.m2/repository/net/bytebuddy/byte-buddy/1.14.9/byte-buddy-1.14.9.jar:/home/m3t3rpr3t3r/.m2/repository/net/bytebuddy/byte-buddy-agent/1.14.9/byte-buddy-agent-1.14.9.jar:/home/m3t3rpr3t3r/.m2/repository/org/objenesis/objenesis/3.3/objenesis-3.3.jar:"/>
    <property name="java.vm.vendor" value="Oracle Corporation"/>
    <property name="sun.arch.data.model" value="64"/>
    <property name="java.vendor.url" value="https://java.oracle.com/"/>
    <property name="os.name" value="Linux"/>
    <property name="java.vm.specification.version" value="17"/>
    <property name="sun.java.launcher" value="SUN_STANDARD"/>
    <property name="user.country" value="ES"/>
    <property name="sun.boot.library.path" value="/home/m3t3rpr3t3r/NetBeansJDKs/openjdk-17.0.2_linux-x64_bin.tar/jdk-17.0.2/lib"/>
    <property name="sun.java.command" value="/home/m3t3rpr3t3r/Documentos/BackEnd_Projects/AlkeWallet/target/surefire/surefirebooter-20240507232026939_3.jar /home/m3t3rpr3t3r/Documentos/BackEnd_Projects/AlkeWallet/target/surefire 2024-05-07T23-20-26_852-jvmRun1 surefire-20240507232026939_1tmp surefire_0-20240507232026939_2tmp"/>
    <property name="jdk.debug" value="release"/>
    <property name="test" value="alkeWallet.Cuentas.CuentaTest#testDepositar"/>
    <property name="surefire.test.class.path" value="/home/m3t3rpr3t3r/Documentos/BackEnd_Projects/AlkeWallet/target/test-classes:/home/m3t3rpr3t3r/Documentos/BackEnd_Projects/AlkeWallet/target/classes:/home/m3t3rpr3t3r/.m2/repository/org/junit/jupiter/junit-jupiter-api/5.10.2/junit-jupiter-api-5.10.2.jar:/home/m3t3rpr3t3r/.m2/repository/org/opentest4j/opentest4j/1.3.0/opentest4j-1.3.0.jar:/home/m3t3rpr3t3r/.m2/repository/org/junit/platform/junit-platform-commons/1.10.2/junit-platform-commons-1.10.2.jar:/home/m3t3rpr3t3r/.m2/repository/org/apiguardian/apiguardian-api/1.1.2/apiguardian-api-1.1.2.jar:/home/m3t3rpr3t3r/.m2/repository/org/junit/jupiter/junit-jupiter-params/5.10.2/junit-jupiter-params-5.10.2.jar:/home/m3t3rpr3t3r/.m2/repository/org/junit/jupiter/junit-jupiter-engine/5.10.2/junit-jupiter-engine-5.10.2.jar:/home/m3t3rpr3t3r/.m2/repository/org/junit/platform/junit-platform-engine/1.10.2/junit-platform-engine-1.10.2.jar:/home/m3t3rpr3t3r/.m2/repository/org/mockito/mockito-junit-jupiter/5.7.0/mockito-junit-jupiter-5.7.0.jar:/home/m3t3rpr3t3r/.m2/repository/org/mockito/mockito-core/5.7.0/mockito-core-5.7.0.jar:/home/m3t3rpr3t3r/.m2/repository/net/bytebuddy/byte-buddy/1.14.9/byte-buddy-1.14.9.jar:/home/m3t3rpr3t3r/.m2/repository/net/bytebuddy/byte-buddy-agent/1.14.9/byte-buddy-agent-1.14.9.jar:/home/m3t3rpr3t3r/.m2/repository/org/objenesis/objenesis/3.3/objenesis-3.3.jar:"/>
    <property name="sun.cpu.endian" value="little"/>
    <property name="user.home" value="/home/m3t3rpr3t3r"/>
    <property name="user.language" value="es"/>
    <property name="java.specification.vendor" value="Oracle Corporation"/>
    <property name="java.version.date" value="2022-01-18"/>
    <property name="java.home" value="/home/m3t3rpr3t3r/NetBeansJDKs/openjdk-17.0.2_linux-x64_bin.tar/jdk-17.0.2"/>
    <property name="file.separator" value="/"/>
    <property name="basedir" value="/home/m3t3rpr3t3r/Documentos/BackEnd_Projects/AlkeWallet"/>
    <property name="java.vm.compressedOopsMode" value="Zero based"/>
    <property name="line.separator" value="&#10;"/>
    <property name="java.vm.specification.vendor" value="Oracle Corporation"/>
    <property name="java.specification.name" value="Java Platform API Specification"/>
    <property name="surefire.real.class.path" value="/home/m3t3rpr3t3r/Documentos/BackEnd_Projects/AlkeWallet/target/surefire/surefirebooter-20240507232026939_3.jar"/>
    <property name="sun.management.compiler" value="HotSpot 64-Bit Tiered Compilers"/>
    <property name="java.runtime.version" value="17.0.2+8-86"/>
    <property name="user.name" value="m3t3rpr3t3r"/>
    <property name="path.separator" value=":"/>
    <property name="os.version" value="6.5.0-28-generic"/>
    <property name="java.runtime.name" value="OpenJDK Runtime Environment"/>
    <property name="file.encoding" value="UTF-8"/>
    <property name="java.vm.name" value="OpenJDK 64-Bit Server VM"/>
    <property name="maven.ext.class.path" value="/usr/lib/apache-netbeans/java/maven-nblib/netbeans-eventspy.jar"/>
    <property name="localRepository" value="/home/m3t3rpr3t3r/.m2/repository"/>
    <property name="java.vendor.url.bug" value="https://bugreport.java.com/bugreport/"/>
    <property name="java.io.tmpdir" value="/tmp"/>
    <property name="java.version" value="17.0.2"/>
    <property name="user.dir" value="/home/m3t3rpr3t3r/Documentos/BackEnd_Projects/AlkeWallet"/>
    <property name="os.arch" value="amd64"/>
    <property name="java.vm.specification.name" value="Java Virtual Machine Specification"/>
    <property name="native.encoding" value="UTF-8"/>
    <property name="java.library.path" value="/usr/java/packages/lib:/usr/lib64:/lib64:/lib:/usr/lib"/>
    <property name="java.vm.info" value="mixed mode, sharing"/>
    <property name="java.vendor" value="Oracle Corporation"/>
    <property name="java.vm.version" value="17.0.2+8-86"/>
    <property name="sun.io.unicode.encoding" value="UnicodeLittle"/>
    <property name="java.class.version" value="61.0"/>
  </properties>
  <testcase name="testDepositar" classname="alkeWallet.Cuentas.CuentaTest" time="0.025"/>
</testsuite>